2018-03-20 17:31:30,911 [1] INFO  Photon.LoadBalancing.GameServer.GameApplication - Setup: serverId=057fd863-3d83-4793-b99c-896f1a8a5c11
2018-03-20 17:31:31,642 [1] INFO  Photon.SocketServer.Diagnostics.HttpQueuePerformanceCounters - HTTP Queue performance counters successfully initialized
2018-03-20 17:31:31,643 [1] INFO  Photon.SocketServer.Diagnostics.HttpQueuePerformanceCounters - Internal HTTP Queue performance counters successfully created
2018-03-20 17:31:31,647 [1] INFO  Photon.LoadBalancing.GameServer.GameApplication - TokenCreator intialized with an expiration of 02:46:40
2018-03-20 17:31:33,527 [1] WARN  Photon.Common.LoadBalancer.LoadShedding.WorkloadController - Did not find counter Business Logic Queue
2018-03-20 17:31:33,536 [1] WARN  Photon.Common.LoadBalancer.LoadShedding.WorkloadController - Did not find counter ENet Queue
2018-03-20 17:31:33,537 [1] WARN  Photon.Common.LoadBalancer.LoadShedding.WorkloadController - Did not find counter bytes in/sec
2018-03-20 17:31:33,537 [1] WARN  Photon.Common.LoadBalancer.LoadShedding.WorkloadController - Did not find counter bytes out/sec
2018-03-20 17:31:33,537 [1] WARN  Photon.Common.LoadBalancer.LoadShedding.WorkloadController - Did not find counter ENet Threads Processing
2018-03-20 17:31:33,538 [1] WARN  Photon.Common.LoadBalancer.LoadShedding.WorkloadController - Did not find counter ENet Threads Active
2018-03-20 17:31:33,538 [1] WARN  Photon.Common.LoadBalancer.LoadShedding.WorkloadController - Did not find counter Time Spent In Server: In (ms)
2018-03-20 17:31:33,538 [1] WARN  Photon.Common.LoadBalancer.LoadShedding.WorkloadController - Did not find counter Time Spent In Server: Out (ms)
2018-03-20 17:31:33,539 [1] WARN  Photon.Common.LoadBalancer.LoadShedding.WorkloadController - Did not find counter TCP: Disconnected Peers +/sec
2018-03-20 17:31:33,539 [1] WARN  Photon.Common.LoadBalancer.LoadShedding.WorkloadController - Did not find counter TCP: Disconnected Peers (C) +/sec
2018-03-20 17:31:33,540 [1] WARN  Photon.Common.LoadBalancer.LoadShedding.WorkloadController - Did not find counter TCP: Peers
2018-03-20 17:31:33,540 [1] WARN  Photon.Common.LoadBalancer.LoadShedding.WorkloadController - Did not find counter UDP: Disconnected Peers +/sec
2018-03-20 17:31:33,540 [1] WARN  Photon.Common.LoadBalancer.LoadShedding.WorkloadController - Did not find counter UDP: Disconnected Peers (C) +/sec
2018-03-20 17:31:33,541 [1] WARN  Photon.Common.LoadBalancer.LoadShedding.WorkloadController - Did not find counter UDP: Peers
2018-03-20 17:31:33,550 [1] WARN  Photon.Common.LoadBalancer.LoadShedding.FeedbackControlSystem - Could not initialize Feedback Control System from configuration: Invalid configuration file F:\Unity3d\Git\VROperationRoom\PUN Local Server\Photon-OnPremise-Server-SDK_v4-0-29-11263\deploy\Workload.config. Using default settings... (未能找到文件“F:\Unity3d\Git\VROperationRoom\PUN Local Server\Photon-OnPremise-Server-SDK_v4-0-29-11263\deploy\Workload.config”。)
2018-03-20 17:31:33,558 [1] INFO  Photon.Common.LoadBalancer.ServerStateManager - Watching for application state file in F:\Unity3d\Git\VROperationRoom\PUN Local Server\Photon-OnPremise-Server-SDK_v4-0-29-11263\deploy\ServerState.txt
2018-03-20 17:31:33,560 [1] INFO  Photon.Common.LoadBalancer.ServerStateManager - Server state is set to online
2018-03-20 17:31:33,561 [1] INFO  Photon.LoadBalancing.GameServer.GameApplication - Initializing master server connection ...
2018-03-20 17:31:33,580 [1] INFO  Photon.LoadBalancing.GameServer.MasterServerConnectionBase - Connecting to master at 127.0.0.1:4520, serverId=057fd863-3d83-4793-b99c-896f1a8a5c11
2018-03-20 17:31:33,602 [1] INFO  Photon.SocketServer.ApplicationBase - Application start: AppId=Game; AppPath=F:\Unity3d\Git\VROperationRoom\PUN Local Server\Photon-OnPremise-Server-SDK_v4-0-29-11263\deploy\LoadBalancing\GameServer, Type=Photon.LoadBalancing.GameServer.GameApplication 
2018-03-20 17:31:33,609 [1] INFO  Photon.SocketServer.Diagnostics.CounterPublisher - CounterPublisher started publishing ExitGames.Diagnostics.Monitoring.CounterSamplePublisher to ExitGames.Diagnostics.Monitoring.CounterSampleSender
2018-03-20 17:31:34,607 [11] INFO  Photon.LoadBalancing.GameServer.MasterServerConnectionBase - Master connection established: address:127.0.0.1
2018-03-20 17:31:34,608 [11] INFO  Photon.Common.LoadBalancer.ServerStateManager - Server state is set to online
2018-03-20 17:31:34,613 [11] INFO  Photon.LoadBalancing.GameServer.OutgoingMasterServerPeer - Registering game server with address 127.0.0.1, TCP 4531, UDP 5056, WebSocket 9091, Secure WebSocket 19091, HTTP 80, ServerID 057fd863-3d83-4793-b99c-896f1a8a5c11, Hostname localhost, IPv6Address 
2018-03-20 17:31:34,693 [12] INFO  Photon.LoadBalancing.GameServer.OutgoingMasterServerPeer - Successfully registered at master server: serverId=057fd863-3d83-4793-b99c-896f1a8a5c11
2018-03-20 17:31:34,810 [15] INFO  Photon.LoadBalancing.GameServer.GameApplication - Setup: serverId=4b8134a8-7443-4506-ba27-6f88ad3327ca
2018-03-20 17:31:35,484 [15] INFO  Photon.SocketServer.Diagnostics.HttpQueuePerformanceCounters - HTTP Queue performance counters successfully initialized
2018-03-20 17:31:35,485 [15] INFO  Photon.SocketServer.Diagnostics.HttpQueuePerformanceCounters - Internal HTTP Queue performance counters successfully created
2018-03-20 17:31:35,489 [15] INFO  Photon.LoadBalancing.GameServer.GameApplication - TokenCreator intialized with an expiration of 02:46:40
2018-03-20 17:31:37,419 [15] WARN  Photon.Common.LoadBalancer.LoadShedding.WorkloadController - Did not find counter Business Logic Queue
2018-03-20 17:31:37,420 [15] WARN  Photon.Common.LoadBalancer.LoadShedding.WorkloadController - Did not find counter ENet Queue
2018-03-20 17:31:37,421 [15] WARN  Photon.Common.LoadBalancer.LoadShedding.WorkloadController - Did not find counter bytes in/sec
2018-03-20 17:31:37,421 [15] WARN  Photon.Common.LoadBalancer.LoadShedding.WorkloadController - Did not find counter bytes out/sec
2018-03-20 17:31:37,422 [15] WARN  Photon.Common.LoadBalancer.LoadShedding.WorkloadController - Did not find counter ENet Threads Processing
2018-03-20 17:31:37,422 [15] WARN  Photon.Common.LoadBalancer.LoadShedding.WorkloadController - Did not find counter ENet Threads Active
2018-03-20 17:31:37,423 [15] WARN  Photon.Common.LoadBalancer.LoadShedding.WorkloadController - Did not find counter Time Spent In Server: In (ms)
2018-03-20 17:31:37,423 [15] WARN  Photon.Common.LoadBalancer.LoadShedding.WorkloadController - Did not find counter Time Spent In Server: Out (ms)
2018-03-20 17:31:37,424 [15] WARN  Photon.Common.LoadBalancer.LoadShedding.WorkloadController - Did not find counter TCP: Disconnected Peers +/sec
2018-03-20 17:31:37,425 [15] WARN  Photon.Common.LoadBalancer.LoadShedding.WorkloadController - Did not find counter TCP: Disconnected Peers (C) +/sec
2018-03-20 17:31:37,425 [15] WARN  Photon.Common.LoadBalancer.LoadShedding.WorkloadController - Did not find counter TCP: Peers
2018-03-20 17:31:37,425 [15] WARN  Photon.Common.LoadBalancer.LoadShedding.WorkloadController - Did not find counter UDP: Disconnected Peers +/sec
2018-03-20 17:31:37,426 [15] WARN  Photon.Common.LoadBalancer.LoadShedding.WorkloadController - Did not find counter UDP: Disconnected Peers (C) +/sec
2018-03-20 17:31:37,426 [15] WARN  Photon.Common.LoadBalancer.LoadShedding.WorkloadController - Did not find counter UDP: Peers
2018-03-20 17:31:37,437 [15] WARN  Photon.Common.LoadBalancer.LoadShedding.FeedbackControlSystem - Could not initialize Feedback Control System from configuration: Invalid configuration file F:\Unity3d\Git\VROperationRoom\PUN Local Server\Photon-OnPremise-Server-SDK_v4-0-29-11263\deploy\Workload.config. Using default settings... (未能找到文件“F:\Unity3d\Git\VROperationRoom\PUN Local Server\Photon-OnPremise-Server-SDK_v4-0-29-11263\deploy\Workload.config”。)
2018-03-20 17:31:37,448 [15] INFO  Photon.Common.LoadBalancer.ServerStateManager - Watching for application state file in F:\Unity3d\Git\VROperationRoom\PUN Local Server\Photon-OnPremise-Server-SDK_v4-0-29-11263\deploy\ServerState.txt
2018-03-20 17:31:37,450 [15] INFO  Photon.Common.LoadBalancer.ServerStateManager - Server state is set to online
2018-03-20 17:31:37,451 [15] INFO  Photon.LoadBalancing.GameServer.GameApplication - Initializing master server connection ...
2018-03-20 17:31:37,467 [15] INFO  Photon.LoadBalancing.GameServer.MasterServerConnectionBase - Connecting to master at 127.0.0.1:4520, serverId=4b8134a8-7443-4506-ba27-6f88ad3327ca
2018-03-20 17:31:37,486 [15] INFO  Photon.SocketServer.ApplicationBase - Application start: AppId=Game; AppPath=F:\Unity3d\Git\VROperationRoom\PUN Local Server\Photon-OnPremise-Server-SDK_v4-0-29-11263\deploy\LoadBalancing\GameServer, Type=Photon.LoadBalancing.GameServer.GameApplication 
2018-03-20 17:31:37,492 [15] INFO  Photon.SocketServer.Diagnostics.CounterPublisher - CounterPublisher started publishing ExitGames.Diagnostics.Monitoring.CounterSamplePublisher to ExitGames.Diagnostics.Monitoring.CounterSampleSender
2018-03-20 17:31:37,495 [15] INFO  Photon.LoadBalancing.GameServer.GameApplication - OnStopRequested: serverid=057fd863-3d83-4793-b99c-896f1a8a5c11
2018-03-20 17:31:37,497 [15] INFO  Photon.SocketServer.ApplicationBase - Application is stopping: AppId=Game
2018-03-20 17:31:37,501 [18] INFO  Photon.LoadBalancing.GameServer.GameApplication - TearDown: serverId=057fd863-3d83-4793-b99c-896f1a8a5c11
2018-03-20 17:31:37,502 [18] INFO  Photon.SocketServer.ApplicationBase - Application stop: AppId=Game
2018-03-20 17:31:37,503 [10] INFO  Photon.LoadBalancing.GameServer.OutgoingMasterServerPeer - connection to master closed (id=2, reason=ManagedDisconnect, detail=), serverId=057fd863-3d83-4793-b99c-896f1a8a5c11
2018-03-20 17:31:37,504 [11] INFO  Photon.LoadBalancing.GameServer.MasterServerConnectionBase - Master connection established: address:127.0.0.1
2018-03-20 17:31:37,505 [11] INFO  Photon.Common.LoadBalancer.ServerStateManager - Server state is set to online
2018-03-20 17:31:37,539 [16] INFO  Photon.LoadBalancing.GameServer.OutgoingMasterServerPeer - Successfully registered at master server: serverId=4b8134a8-7443-4506-ba27-6f88ad3327ca
