2018-03-20 17:31:33,715 [1] INFO  Photon.LoadBalancing.MasterServer.MasterApplication - TokenCreator intialized with an expiration of 02:46:40
2018-03-20 17:31:34,428 [1] INFO  Photon.SocketServer.Diagnostics.HttpQueuePerformanceCounters - HTTP Queue performance counters successfully initialized
2018-03-20 17:31:34,429 [1] INFO  Photon.SocketServer.Diagnostics.HttpQueuePerformanceCounters - Internal HTTP Queue performance counters successfully created
2018-03-20 17:31:34,430 [1] INFO  Photon.Common.Authentication.Diagnostic.CustomAuthResultCounters - Start to initialize Photon: Custom Authentication Results performance counters
2018-03-20 17:31:34,432 [1] INFO  Photon.Common.Authentication.Diagnostic.CustomAuthResultCounters - Photon: Custom Authentication Results performance counters successfully initialized
2018-03-20 17:31:34,439 [1] WARN  Photon.Common.LoadBalancer.LoadBalancer`1 - Could not initialize LoadBalancer from configuration: Invalid configuration file F:\Unity3d\Git\VROperationRoom\PUN Local Server\Photon-OnPremise-Server-SDK_v4-0-29-11263\deploy\LoadBalancer.config. Using default settings... (未能找到文件“F:\Unity3d\Git\VROperationRoom\PUN Local Server\Photon-OnPremise-Server-SDK_v4-0-29-11263\deploy\LoadBalancer.config”。)
2018-03-20 17:31:34,469 [1] INFO  Photon.LoadBalancing.MasterServer.GameApplication - TokenCreator intialized with an expiration of 02:46:40
2018-03-20 17:31:34,500 [1] INFO  Photon.LoadBalancing.MasterServer.GameApplication - Application {Default}/{Default} starts without Redis
2018-03-20 17:31:34,524 [1] INFO  Photon.LoadBalancing.Common.NodesReader - Import nodes
2018-03-20 17:31:34,525 [1] WARN  Photon.LoadBalancing.Common.NodesReader - F:\Unity3d\Git\VROperationRoom\PUN Local Server\Photon-OnPremise-Server-SDK_v4-0-29-11263\deploy\Nodes.txt does not exist, CurrentNodeId = 0
2018-03-20 17:31:34,525 [1] INFO  Photon.LoadBalancing.Common.NodesReader - Watching F:\Unity3d\Git\VROperationRoom\PUN Local Server\Photon-OnPremise-Server-SDK_v4-0-29-11263\deploy\Nodes.txt
2018-03-20 17:31:34,526 [1] INFO  Photon.LoadBalancing.MasterServer.MasterApplication - Current Node (nodeId=0) is the active master (leader)
2018-03-20 17:31:34,526 [1] INFO  Photon.SocketServer.ApplicationBase - Application start: AppId=Master; AppPath=F:\Unity3d\Git\VROperationRoom\PUN Local Server\Photon-OnPremise-Server-SDK_v4-0-29-11263\deploy\LoadBalancing\Master, Type=Photon.LoadBalancing.MasterServer.MasterApplication 
2018-03-20 17:31:34,553 [1] INFO  Photon.SocketServer.Diagnostics.CounterPublisher - CounterPublisher started publishing ExitGames.Diagnostics.Monitoring.CounterSamplePublisher to ExitGames.Diagnostics.Monitoring.CounterSampleSender
2018-03-20 17:31:34,583 [13] INFO  Photon.LoadBalancing.MasterServer.GameServer.IncomingGameServerPeer - game server connection from 127.0.0.1:52528 established (id=2)
2018-03-20 17:31:34,665 [10] WARN  Photon.LoadBalancing.Common.NodesReader - Internal address for node 0 unknown; using loop back
2018-03-20 17:31:34,666 [10] INFO  Photon.LoadBalancing.Common.NodesReader - Node added: 0 = 127.0.0.1
2018-03-20 17:31:37,498 [11] INFO  Photon.LoadBalancing.MasterServer.GameServer.IncomingGameServerPeer - game server connection from 127.0.0.1:52529 established (id=3)
2018-03-20 17:31:37,499 [16] INFO  Photon.LoadBalancing.MasterServer.GameServer.IncomingGameServerPeer - OnDisconnect: game server connection closed (connectionId=2, serverId=057fd863-3d83-4793-b99c-896f1a8a5c11, reason=ClientDisconnect)
2018-03-21 16:42:38,262 [11] INFO  Photon.LoadBalancing.MasterServer.GameServer.IncomingGameServerPeer - OnDisconnect: game server connection closed (connectionId=3, serverId=4b8134a8-7443-4506-ba27-6f88ad3327ca, reason=ClientDisconnect)
2018-03-21 16:42:38,271 [1] INFO  Photon.SocketServer.ApplicationBase - Application is stopping: AppId=Master
2018-03-21 16:42:38,282 [1] INFO  Photon.SocketServer.ApplicationBase - Application stop: AppId=Master
2018-03-21 16:42:56,126 [1] INFO  Photon.LoadBalancing.MasterServer.MasterApplication - TokenCreator intialized with an expiration of 02:46:40
2018-03-21 16:42:56,717 [1] INFO  Photon.SocketServer.Diagnostics.HttpQueuePerformanceCounters - HTTP Queue performance counters successfully initialized
2018-03-21 16:42:56,718 [1] INFO  Photon.SocketServer.Diagnostics.HttpQueuePerformanceCounters - Internal HTTP Queue performance counters successfully created
2018-03-21 16:42:56,719 [1] INFO  Photon.Common.Authentication.Diagnostic.CustomAuthResultCounters - Start to initialize Photon: Custom Authentication Results performance counters
2018-03-21 16:42:56,721 [1] INFO  Photon.Common.Authentication.Diagnostic.CustomAuthResultCounters - Photon: Custom Authentication Results performance counters successfully initialized
2018-03-21 16:42:56,728 [1] WARN  Photon.Common.LoadBalancer.LoadBalancer`1 - Could not initialize LoadBalancer from configuration: Invalid configuration file F:\Unity3d\Git\VROperationRoom\PUN Local Server\Photon-OnPremise-Server-SDK_v4-0-29-11263\deploy\LoadBalancer.config. Using default settings... (未能找到文件“F:\Unity3d\Git\VROperationRoom\PUN Local Server\Photon-OnPremise-Server-SDK_v4-0-29-11263\deploy\LoadBalancer.config”。)
2018-03-21 16:42:56,798 [1] INFO  Photon.LoadBalancing.MasterServer.GameApplication - TokenCreator intialized with an expiration of 02:46:40
2018-03-21 16:42:56,839 [1] INFO  Photon.LoadBalancing.MasterServer.GameApplication - Application {Default}/{Default} starts without Redis
2018-03-21 16:42:56,873 [1] INFO  Photon.LoadBalancing.Common.NodesReader - Import nodes
2018-03-21 16:42:56,873 [1] WARN  Photon.LoadBalancing.Common.NodesReader - F:\Unity3d\Git\VROperationRoom\PUN Local Server\Photon-OnPremise-Server-SDK_v4-0-29-11263\deploy\Nodes.txt does not exist, CurrentNodeId = 0
2018-03-21 16:42:56,874 [1] INFO  Photon.LoadBalancing.Common.NodesReader - Watching F:\Unity3d\Git\VROperationRoom\PUN Local Server\Photon-OnPremise-Server-SDK_v4-0-29-11263\deploy\Nodes.txt
2018-03-21 16:42:56,874 [1] INFO  Photon.LoadBalancing.MasterServer.MasterApplication - Current Node (nodeId=0) is the active master (leader)
2018-03-21 16:42:56,875 [1] INFO  Photon.SocketServer.ApplicationBase - Application start: AppId=Master; AppPath=F:\Unity3d\Git\VROperationRoom\PUN Local Server\Photon-OnPremise-Server-SDK_v4-0-29-11263\deploy\LoadBalancing\Master, Type=Photon.LoadBalancing.MasterServer.MasterApplication 
2018-03-21 16:42:56,904 [1] INFO  Photon.SocketServer.Diagnostics.CounterPublisher - CounterPublisher started publishing ExitGames.Diagnostics.Monitoring.CounterSamplePublisher to ExitGames.Diagnostics.Monitoring.CounterSampleSender
2018-03-21 16:42:56,927 [12] INFO  Photon.LoadBalancing.MasterServer.GameServer.IncomingGameServerPeer - game server connection from 127.0.0.1:55823 established (id=2)
2018-03-21 16:42:57,025 [12] WARN  Photon.LoadBalancing.Common.NodesReader - Internal address for node 0 unknown; using loop back
2018-03-21 16:42:57,026 [12] INFO  Photon.LoadBalancing.Common.NodesReader - Node added: 0 = 127.0.0.1
2018-03-21 17:02:14,369 [17] INFO  Photon.LoadBalancing.MasterServer.GameServer.IncomingGameServerPeer - game server connection from 127.0.0.1:55879 established (id=3)
2018-03-21 17:02:14,371 [19] INFO  Photon.LoadBalancing.MasterServer.GameServer.IncomingGameServerPeer - OnDisconnect: game server connection closed (connectionId=2, serverId=23b74a70-7b8a-40ad-8678-ab891784c38e, reason=ClientDisconnect)
