2018-03-20 17:31:25,109 [ 1] INFO  PhotonHostRuntime.PhotonDomainManager - Initialize: ApplicationName = 'DefaultDomain', DomainID = '1'
2018-03-20 17:31:25,135 [ 1] INFO  PhotonHostRuntime.PhotonDomainManager - AppDomains with unhandled exceptions are usually not unloaded and restarted.
2018-03-20 17:31:25,138 [ 1] INFO  PhotonHostRuntime.PhotonDomainManager - Getting license information:
2018-03-20 17:31:25,861 [ 1] INFO  PhotonHostRuntime.PhotonLicensing - LICENSE: No license file was found - starting with Bootstrap License.
2018-03-20 17:31:25,861 [ 1] INFO  PhotonHostRuntime.PhotonLicensing - LICENSE: Expiration: never; floating license: no; max connections: 20; valid IPs: any
2018-03-20 17:31:27,119 [ 1] INFO  PhotonHostRuntime.PhotonDomainManager - CreateAppDomain: name = 'Master' , assemblyName = 'Photon.LoadBalancing'
2018-03-20 17:31:27,121 [ 1] INFO  PhotonHostRuntime.PhotonDomainManager -   ApplicationBase = 'F:\Unity3d\Git\VROperationRoom\PUN Local Server\Photon-OnPremise-Server-SDK_v4-0-29-11263\deploy'
2018-03-20 17:31:27,122 [ 1] INFO  PhotonHostRuntime.PhotonDomainManager -   PrivateBinPath = 'F:\Unity3d\Git\VROperationRoom\PUN Local Server\Photon-OnPremise-Server-SDK_v4-0-29-11263\deploy\LoadBalancing\Master\bin;bin_Win64;Shared;'
2018-03-20 17:31:27,122 [ 1] INFO  PhotonHostRuntime.PhotonDomainManager -   ConfigurationFile = 'F:\Unity3d\Git\VROperationRoom\PUN Local Server\Photon-OnPremise-Server-SDK_v4-0-29-11263\deploy\LoadBalancing\Master\bin\Photon.LoadBalancing.dll.config'
2018-03-20 17:31:27,123 [ 1] INFO  PhotonHostRuntime.PhotonDomainManager -   CachePath = 'F:\Unity3d\Git\VROperationRoom\PUN Local Server\Photon-OnPremise-Server-SDK_v4-0-29-11263\deploy\LoadBalancing\Master\bin\Cache'
2018-03-20 17:31:27,326 [ 1] INFO  PhotonHostRuntime.PhotonDomainManager -   ApplicationPath = 'F:\Unity3d\Git\VROperationRoom\PUN Local Server\Photon-OnPremise-Server-SDK_v4-0-29-11263\deploy\LoadBalancing\Master'
2018-03-20 17:31:27,327 [ 1] INFO  PhotonHostRuntime.PhotonDomainManager -   BinaryPath = 'F:\Unity3d\Git\VROperationRoom\PUN Local Server\Photon-OnPremise-Server-SDK_v4-0-29-11263\deploy\LoadBalancing\Master\bin'
2018-03-20 17:31:27,327 [ 1] INFO  PhotonHostRuntime.PhotonDomainManager -   ApplicationRootPath = 'F:\Unity3d\Git\VROperationRoom\PUN Local Server\Photon-OnPremise-Server-SDK_v4-0-29-11263\deploy'
2018-03-20 17:31:27,327 [ 1] INFO  PhotonHostRuntime.PhotonDomainManager -   UnmanagedLogPath = 'F:\Unity3d\Git\VROperationRoom\PUN Local Server\Photon-OnPremise-Server-SDK_v4-0-29-11263\deploy\bin_Win64\log'
2018-03-20 17:31:27,342 [ 1] INFO  PhotonHostRuntime.PhotonDomainManager - AssemblyLoadEvent: Photon.LoadBalancing, Version=4.0.28.11221, Culture=neutral, PublicKeyToken=null from file:///F:/Unity3d/Git/VROperationRoom/PUN Local Server/Photon-OnPremise-Server-SDK_v4-0-29-11263/deploy/LoadBalancing/Master/bin/Photon.LoadBalancing.DLL
2018-03-20 17:31:27,343 [ 1] INFO  PhotonHostRuntime.PhotonDomainManager - Photon SDK:4.0.28.11245
2018-03-20 17:31:27,475 [ 1] INFO  PhotonHostRuntime.PhotonDomainManager - AssemblyLoadEvent: Photon.SocketServer, Version=4.0.28.11245, Culture=neutral, PublicKeyToken=48c2fa3b6988090e from file:///F:/Unity3d/Git/VROperationRoom/PUN Local Server/Photon-OnPremise-Server-SDK_v4-0-29-11263/deploy/LoadBalancing/Master/bin/Photon.SocketServer.DLL
2018-03-20 17:31:27,491 [ 1] INFO  PhotonHostRuntime.PhotonDomainManager - AssemblyLoadEvent: ExitGamesLibs, Version=1.0.4.0, Culture=neutral, PublicKeyToken=eac0edd9746a4aa0 from file:///F:/Unity3d/Git/VROperationRoom/PUN Local Server/Photon-OnPremise-Server-SDK_v4-0-29-11263/deploy/LoadBalancing/Master/bin/ExitGamesLibs.DLL
2018-03-20 17:31:27,518 [ 1] INFO  PhotonHostRuntime.PhotonDomainManager - Starting: name = 'Master', assemblyName = 'Photon.LoadBalancing', typeName = 'Photon.LoadBalancing.MasterServer.MasterApplication'
2018-03-20 17:31:27,519 [ 1] INFO  PhotonHostRuntime.PhotonDomainManager - CreateAppDomain: name = 'Game' , assemblyName = 'Photon.LoadBalancing'
2018-03-20 17:31:27,520 [ 1] INFO  PhotonHostRuntime.PhotonDomainManager -   ApplicationBase = 'F:\Unity3d\Git\VROperationRoom\PUN Local Server\Photon-OnPremise-Server-SDK_v4-0-29-11263\deploy'
2018-03-20 17:31:27,520 [ 1] INFO  PhotonHostRuntime.PhotonDomainManager -   PrivateBinPath = 'F:\Unity3d\Git\VROperationRoom\PUN Local Server\Photon-OnPremise-Server-SDK_v4-0-29-11263\deploy\LoadBalancing\GameServer\bin;bin_Win64;Shared;'
2018-03-20 17:31:27,521 [ 1] INFO  PhotonHostRuntime.PhotonDomainManager -   ConfigurationFile = 'F:\Unity3d\Git\VROperationRoom\PUN Local Server\Photon-OnPremise-Server-SDK_v4-0-29-11263\deploy\LoadBalancing\GameServer\bin\Photon.LoadBalancing.dll.config'
2018-03-20 17:31:27,521 [ 1] INFO  PhotonHostRuntime.PhotonDomainManager -   CachePath = 'F:\Unity3d\Git\VROperationRoom\PUN Local Server\Photon-OnPremise-Server-SDK_v4-0-29-11263\deploy\LoadBalancing\GameServer\bin\Cache'
2018-03-20 17:31:27,602 [ 1] INFO  PhotonHostRuntime.PhotonDomainManager -   ApplicationPath = 'F:\Unity3d\Git\VROperationRoom\PUN Local Server\Photon-OnPremise-Server-SDK_v4-0-29-11263\deploy\LoadBalancing\GameServer'
2018-03-20 17:31:27,602 [ 1] INFO  PhotonHostRuntime.PhotonDomainManager -   BinaryPath = 'F:\Unity3d\Git\VROperationRoom\PUN Local Server\Photon-OnPremise-Server-SDK_v4-0-29-11263\deploy\LoadBalancing\GameServer\bin'
2018-03-20 17:31:27,603 [ 1] INFO  PhotonHostRuntime.PhotonDomainManager -   ApplicationRootPath = 'F:\Unity3d\Git\VROperationRoom\PUN Local Server\Photon-OnPremise-Server-SDK_v4-0-29-11263\deploy'
2018-03-20 17:31:27,603 [ 1] INFO  PhotonHostRuntime.PhotonDomainManager -   UnmanagedLogPath = 'F:\Unity3d\Git\VROperationRoom\PUN Local Server\Photon-OnPremise-Server-SDK_v4-0-29-11263\deploy\bin_Win64\log'
2018-03-20 17:31:27,615 [ 1] INFO  PhotonHostRuntime.PhotonDomainManager - AssemblyLoadEvent: Photon.LoadBalancing, Version=4.0.28.11221, Culture=neutral, PublicKeyToken=null from file:///F:/Unity3d/Git/VROperationRoom/PUN Local Server/Photon-OnPremise-Server-SDK_v4-0-29-11263/deploy/LoadBalancing/GameServer/bin/Photon.LoadBalancing.DLL
2018-03-20 17:31:27,616 [ 1] INFO  PhotonHostRuntime.PhotonDomainManager - Photon SDK:4.0.28.11245
2018-03-20 17:31:27,639 [ 1] INFO  PhotonHostRuntime.PhotonDomainManager - AssemblyLoadEvent: Photon.SocketServer, Version=4.0.28.11245, Culture=neutral, PublicKeyToken=48c2fa3b6988090e from file:///F:/Unity3d/Git/VROperationRoom/PUN Local Server/Photon-OnPremise-Server-SDK_v4-0-29-11263/deploy/LoadBalancing/GameServer/bin/Photon.SocketServer.DLL
2018-03-20 17:31:27,650 [ 1] INFO  PhotonHostRuntime.PhotonDomainManager - AssemblyLoadEvent: Photon.Common, Version=4.0.28.11221, Culture=neutral, PublicKeyToken=null from file:///F:/Unity3d/Git/VROperationRoom/PUN Local Server/Photon-OnPremise-Server-SDK_v4-0-29-11263/deploy/LoadBalancing/GameServer/bin/Photon.Common.DLL
2018-03-20 17:31:27,689 [ 1] INFO  PhotonHostRuntime.PhotonDomainManager - AssemblyLoadEvent: ExitGamesLibs, Version=1.0.4.0, Culture=neutral, PublicKeyToken=eac0edd9746a4aa0 from file:///F:/Unity3d/Git/VROperationRoom/PUN Local Server/Photon-OnPremise-Server-SDK_v4-0-29-11263/deploy/LoadBalancing/GameServer/bin/ExitGamesLibs.DLL
2018-03-20 17:31:27,702 [ 1] INFO  PhotonHostRuntime.PhotonDomainManager - AssemblyLoadEvent: PhotonHive, Version=4.0.28.11221, Culture=neutral, PublicKeyToken=null from file:///F:/Unity3d/Git/VROperationRoom/PUN Local Server/Photon-OnPremise-Server-SDK_v4-0-29-11263/deploy/LoadBalancing/GameServer/bin/PhotonHive.DLL
2018-03-20 17:31:27,736 [ 1] INFO  PhotonHostRuntime.PhotonDomainManager - Starting: name = 'Game', assemblyName = 'Photon.LoadBalancing', typeName = 'Photon.LoadBalancing.GameServer.GameApplication'
2018-03-20 17:31:27,737 [ 1] INFO  PhotonHostRuntime.PhotonDomainManager - CreateAppDomain: name = 'CounterPublisher' , assemblyName = 'CounterPublisher'
2018-03-20 17:31:27,738 [ 1] INFO  PhotonHostRuntime.PhotonDomainManager -   ApplicationBase = 'F:\Unity3d\Git\VROperationRoom\PUN Local Server\Photon-OnPremise-Server-SDK_v4-0-29-11263\deploy'
2018-03-20 17:31:27,738 [ 1] INFO  PhotonHostRuntime.PhotonDomainManager -   PrivateBinPath = 'F:\Unity3d\Git\VROperationRoom\PUN Local Server\Photon-OnPremise-Server-SDK_v4-0-29-11263\deploy\CounterPublisher\bin;bin_Win64;Shared;'
2018-03-20 17:31:27,738 [ 1] INFO  PhotonHostRuntime.PhotonDomainManager -   ConfigurationFile = 'F:\Unity3d\Git\VROperationRoom\PUN Local Server\Photon-OnPremise-Server-SDK_v4-0-29-11263\deploy\CounterPublisher\bin\CounterPublisher.dll.config'
2018-03-20 17:31:27,739 [ 1] INFO  PhotonHostRuntime.PhotonDomainManager -   CachePath = 'F:\Unity3d\Git\VROperationRoom\PUN Local Server\Photon-OnPremise-Server-SDK_v4-0-29-11263\deploy\CounterPublisher\bin\Cache'
2018-03-20 17:31:27,808 [ 1] INFO  PhotonHostRuntime.PhotonDomainManager -   ApplicationPath = 'F:\Unity3d\Git\VROperationRoom\PUN Local Server\Photon-OnPremise-Server-SDK_v4-0-29-11263\deploy\CounterPublisher'
2018-03-20 17:31:27,808 [ 1] INFO  PhotonHostRuntime.PhotonDomainManager -   BinaryPath = 'F:\Unity3d\Git\VROperationRoom\PUN Local Server\Photon-OnPremise-Server-SDK_v4-0-29-11263\deploy\CounterPublisher\bin'
2018-03-20 17:31:27,809 [ 1] INFO  PhotonHostRuntime.PhotonDomainManager -   ApplicationRootPath = 'F:\Unity3d\Git\VROperationRoom\PUN Local Server\Photon-OnPremise-Server-SDK_v4-0-29-11263\deploy'
2018-03-20 17:31:27,809 [ 1] INFO  PhotonHostRuntime.PhotonDomainManager -   UnmanagedLogPath = 'F:\Unity3d\Git\VROperationRoom\PUN Local Server\Photon-OnPremise-Server-SDK_v4-0-29-11263\deploy\bin_Win64\log'
2018-03-20 17:31:27,823 [ 1] INFO  PhotonHostRuntime.PhotonDomainManager - AssemblyLoadEvent: CounterPublisher, Version=4.0.28.11221, Culture=neutral, PublicKeyToken=null from file:///F:/Unity3d/Git/VROperationRoom/PUN Local Server/Photon-OnPremise-Server-SDK_v4-0-29-11263/deploy/CounterPublisher/bin/CounterPublisher.DLL
2018-03-20 17:31:27,824 [ 1] INFO  PhotonHostRuntime.PhotonDomainManager - Photon SDK:4.0.28.11245
2018-03-20 17:31:27,839 [ 1] INFO  PhotonHostRuntime.PhotonDomainManager - AssemblyLoadEvent: Photon.SocketServer, Version=4.0.28.11245, Culture=neutral, PublicKeyToken=48c2fa3b6988090e from file:///F:/Unity3d/Git/VROperationRoom/PUN Local Server/Photon-OnPremise-Server-SDK_v4-0-29-11263/deploy/CounterPublisher/bin/Photon.SocketServer.DLL
2018-03-20 17:31:27,849 [ 1] INFO  PhotonHostRuntime.PhotonDomainManager - AssemblyLoadEvent: ExitGamesLibs, Version=1.0.4.0, Culture=neutral, PublicKeyToken=eac0edd9746a4aa0 from file:///F:/Unity3d/Git/VROperationRoom/PUN Local Server/Photon-OnPremise-Server-SDK_v4-0-29-11263/deploy/CounterPublisher/bin/ExitGamesLibs.DLL
2018-03-20 17:31:27,854 [ 1] INFO  PhotonHostRuntime.PhotonDomainManager - Starting: name = 'CounterPublisher', assemblyName = 'CounterPublisher', typeName = 'Photon.CounterPublisher.Application'
2018-03-20 17:31:27,902 [ 1] INFO  PhotonHostRuntime.PhotonDomainManager - PhotonRunning: ApplicationName = 'CounterPublisher', DomainId='4' -- calling Application.Setup
2018-03-20 17:31:27,912 [ 1] INFO  PhotonHostRuntime.PhotonDomainManager - AssemblyLoadEvent: ExitGames.Logging.Log4Net, Version=1.0.4.0, Culture=neutral, PublicKeyToken=eac0edd9746a4aa0 from file:///F:/Unity3d/Git/VROperationRoom/PUN Local Server/Photon-OnPremise-Server-SDK_v4-0-29-11263/deploy/CounterPublisher/bin/ExitGames.Logging.Log4Net.DLL
2018-03-20 17:31:30,784 [ 1] INFO  PhotonHostRuntime.PhotonDomainManager - PhotonRunning: ApplicationName = 'Game', DomainId='3' -- calling Application.Setup
2018-03-20 17:31:30,812 [ 1] INFO  PhotonHostRuntime.PhotonDomainManager - AssemblyLoadEvent: ExitGames.Logging.Log4Net, Version=1.0.4.0, Culture=neutral, PublicKeyToken=eac0edd9746a4aa0 from file:///F:/Unity3d/Git/VROperationRoom/PUN Local Server/Photon-OnPremise-Server-SDK_v4-0-29-11263/deploy/LoadBalancing/GameServer/bin/ExitGames.Logging.Log4Net.DLL
2018-03-20 17:31:33,573 [ 1] INFO  PhotonHostRuntime.PhotonDomainManager - AssemblyLoadEvent: PhotonHivePlugin, Version=1.0.15.11060, Culture=neutral, PublicKeyToken=null from file:///F:/Unity3d/Git/VROperationRoom/PUN Local Server/Photon-OnPremise-Server-SDK_v4-0-29-11263/deploy/LoadBalancing/GameServer/bin/PhotonHivePlugin.DLL
2018-03-20 17:31:33,610 [ 1] INFO  PhotonHostRuntime.PhotonDomainManager - PhotonRunning: ApplicationName = 'Master', DomainId='2' -- calling Application.Setup
2018-03-20 17:31:33,621 [ 1] INFO  PhotonHostRuntime.PhotonDomainManager - AssemblyLoadEvent: Photon.Common, Version=4.0.28.11221, Culture=neutral, PublicKeyToken=null from file:///F:/Unity3d/Git/VROperationRoom/PUN Local Server/Photon-OnPremise-Server-SDK_v4-0-29-11263/deploy/LoadBalancing/Master/bin/Photon.Common.DLL
2018-03-20 17:31:33,632 [ 1] INFO  PhotonHostRuntime.PhotonDomainManager - AssemblyLoadEvent: ExitGames.Logging.Log4Net, Version=1.0.4.0, Culture=neutral, PublicKeyToken=eac0edd9746a4aa0 from file:///F:/Unity3d/Git/VROperationRoom/PUN Local Server/Photon-OnPremise-Server-SDK_v4-0-29-11263/deploy/LoadBalancing/Master/bin/ExitGames.Logging.Log4Net.DLL
2018-03-20 17:31:34,450 [ 1] INFO  PhotonHostRuntime.PhotonDomainManager - AssemblyLoadEvent: PhotonHive, Version=4.0.28.11221, Culture=neutral, PublicKeyToken=null from file:///F:/Unity3d/Git/VROperationRoom/PUN Local Server/Photon-OnPremise-Server-SDK_v4-0-29-11263/deploy/LoadBalancing/Master/bin/PhotonHive.DLL
2018-03-20 17:31:34,488 [ 1] INFO  PhotonHostRuntime.PhotonDomainManager - AssemblyLoadEvent: ServiceStack.Redis, Version=3.9.71.0, Culture=neutral, PublicKeyToken=null from file:///F:/Unity3d/Git/VROperationRoom/PUN Local Server/Photon-OnPremise-Server-SDK_v4-0-29-11263/deploy/LoadBalancing/Master/bin/ServiceStack.Redis.DLL
2018-03-20 17:31:34,497 [ 1] INFO  PhotonHostRuntime.PhotonDomainManager - AssemblyLoadEvent: ServiceStack.Interfaces, Version=1.0.0.0, Culture=neutral, PublicKeyToken=null from file:///F:/Unity3d/Git/VROperationRoom/PUN Local Server/Photon-OnPremise-Server-SDK_v4-0-29-11263/deploy/LoadBalancing/Master/bin/ServiceStack.Interfaces.DLL
2018-03-20 17:31:34,510 [ 1] INFO  PhotonHostRuntime.PhotonDomainManager - AssemblyLoadEvent: System.Web, Version=4.0.0.0, Culture=neutral, PublicKeyToken=b03f5f7f11d50a3a from file:///C:/WINDOWS/Microsoft.Net/assembly/GAC_64/System.Web/v4.0_4.0.0.0__b03f5f7f11d50a3a/System.Web.dll
2018-03-20 17:31:34,555 [ 1] INFO  PhotonHostRuntime.PhotonDomainManager - PhotonRunning: ApplicationName = 'DefaultDomain', DomainId='1'
2018-03-20 17:31:34,555 [15] INFO  PhotonHostRuntime.PhotonDomainManager - CreateAppDomain: name = 'Game' , assemblyName = 'Photon.LoadBalancing'
2018-03-20 17:31:34,556 [15] INFO  PhotonHostRuntime.PhotonDomainManager -   ApplicationBase = 'F:\Unity3d\Git\VROperationRoom\PUN Local Server\Photon-OnPremise-Server-SDK_v4-0-29-11263\deploy'
2018-03-20 17:31:34,556 [15] INFO  PhotonHostRuntime.PhotonDomainManager -   PrivateBinPath = 'F:\Unity3d\Git\VROperationRoom\PUN Local Server\Photon-OnPremise-Server-SDK_v4-0-29-11263\deploy\LoadBalancing\GameServer\bin;bin_Win64;Shared;'
2018-03-20 17:31:34,557 [15] INFO  PhotonHostRuntime.PhotonDomainManager -   ConfigurationFile = 'F:\Unity3d\Git\VROperationRoom\PUN Local Server\Photon-OnPremise-Server-SDK_v4-0-29-11263\deploy\LoadBalancing\GameServer\bin\Photon.LoadBalancing.dll.config'
2018-03-20 17:31:34,557 [15] INFO  PhotonHostRuntime.PhotonDomainManager -   CachePath = 'F:\Unity3d\Git\VROperationRoom\PUN Local Server\Photon-OnPremise-Server-SDK_v4-0-29-11263\deploy\LoadBalancing\GameServer\bin\Cache'
2018-03-20 17:31:34,596 [13] INFO  PhotonHostRuntime.PhotonDomainManager - AssemblyLoadEvent: PhotonHivePlugin, Version=1.0.15.11060, Culture=neutral, PublicKeyToken=null from file:///F:/Unity3d/Git/VROperationRoom/PUN Local Server/Photon-OnPremise-Server-SDK_v4-0-29-11263/deploy/LoadBalancing/Master/bin/PhotonHivePlugin.DLL
2018-03-20 17:31:34,640 [15] INFO  PhotonHostRuntime.PhotonDomainManager -   ApplicationPath = 'F:\Unity3d\Git\VROperationRoom\PUN Local Server\Photon-OnPremise-Server-SDK_v4-0-29-11263\deploy\LoadBalancing\GameServer'
2018-03-20 17:31:34,641 [15] INFO  PhotonHostRuntime.PhotonDomainManager -   BinaryPath = 'F:\Unity3d\Git\VROperationRoom\PUN Local Server\Photon-OnPremise-Server-SDK_v4-0-29-11263\deploy\LoadBalancing\GameServer\bin'
2018-03-20 17:31:34,641 [15] INFO  PhotonHostRuntime.PhotonDomainManager -   ApplicationRootPath = 'F:\Unity3d\Git\VROperationRoom\PUN Local Server\Photon-OnPremise-Server-SDK_v4-0-29-11263\deploy'
2018-03-20 17:31:34,642 [15] INFO  PhotonHostRuntime.PhotonDomainManager -   UnmanagedLogPath = 'F:\Unity3d\Git\VROperationRoom\PUN Local Server\Photon-OnPremise-Server-SDK_v4-0-29-11263\deploy\bin_Win64\log'
2018-03-20 17:31:34,654 [15] INFO  PhotonHostRuntime.PhotonDomainManager - AssemblyLoadEvent: Photon.LoadBalancing, Version=4.0.28.11221, Culture=neutral, PublicKeyToken=null from file:///F:/Unity3d/Git/VROperationRoom/PUN Local Server/Photon-OnPremise-Server-SDK_v4-0-29-11263/deploy/LoadBalancing/GameServer/bin/Photon.LoadBalancing.DLL
2018-03-20 17:31:34,655 [15] INFO  PhotonHostRuntime.PhotonDomainManager - Photon SDK:4.0.28.11245
2018-03-20 17:31:34,668 [15] INFO  PhotonHostRuntime.PhotonDomainManager - AssemblyLoadEvent: Photon.SocketServer, Version=4.0.28.11245, Culture=neutral, PublicKeyToken=48c2fa3b6988090e from file:///F:/Unity3d/Git/VROperationRoom/PUN Local Server/Photon-OnPremise-Server-SDK_v4-0-29-11263/deploy/LoadBalancing/GameServer/bin/Photon.SocketServer.DLL
2018-03-20 17:31:34,678 [15] INFO  PhotonHostRuntime.PhotonDomainManager - AssemblyLoadEvent: Photon.Common, Version=4.0.28.11221, Culture=neutral, PublicKeyToken=null from file:///F:/Unity3d/Git/VROperationRoom/PUN Local Server/Photon-OnPremise-Server-SDK_v4-0-29-11263/deploy/LoadBalancing/GameServer/bin/Photon.Common.DLL
2018-03-20 17:31:34,689 [15] INFO  PhotonHostRuntime.PhotonDomainManager - AssemblyLoadEvent: ExitGamesLibs, Version=1.0.4.0, Culture=neutral, PublicKeyToken=eac0edd9746a4aa0 from file:///F:/Unity3d/Git/VROperationRoom/PUN Local Server/Photon-OnPremise-Server-SDK_v4-0-29-11263/deploy/LoadBalancing/GameServer/bin/ExitGamesLibs.DLL
2018-03-20 17:31:34,700 [15] INFO  PhotonHostRuntime.PhotonDomainManager - AssemblyLoadEvent: PhotonHive, Version=4.0.28.11221, Culture=neutral, PublicKeyToken=null from file:///F:/Unity3d/Git/VROperationRoom/PUN Local Server/Photon-OnPremise-Server-SDK_v4-0-29-11263/deploy/LoadBalancing/GameServer/bin/PhotonHive.DLL
2018-03-20 17:31:34,726 [15] INFO  PhotonHostRuntime.PhotonDomainManager - Starting: name = 'Game', assemblyName = 'Photon.LoadBalancing', typeName = 'Photon.LoadBalancing.GameServer.GameApplication'
2018-03-20 17:31:34,727 [15] INFO  PhotonHostRuntime.PhotonDomainManager - PhotonRunning: ApplicationName = 'Game', DomainId='5' -- calling Application.Setup
2018-03-20 17:31:34,740 [15] INFO  PhotonHostRuntime.PhotonDomainManager - AssemblyLoadEvent: ExitGames.Logging.Log4Net, Version=1.0.4.0, Culture=neutral, PublicKeyToken=eac0edd9746a4aa0 from file:///F:/Unity3d/Git/VROperationRoom/PUN Local Server/Photon-OnPremise-Server-SDK_v4-0-29-11263/deploy/LoadBalancing/GameServer/bin/ExitGames.Logging.Log4Net.DLL
2018-03-20 17:31:37,462 [15] INFO  PhotonHostRuntime.PhotonDomainManager - AssemblyLoadEvent: PhotonHivePlugin, Version=1.0.15.11060, Culture=neutral, PublicKeyToken=null from file:///F:/Unity3d/Git/VROperationRoom/PUN Local Server/Photon-OnPremise-Server-SDK_v4-0-29-11263/deploy/LoadBalancing/GameServer/bin/PhotonHivePlugin.DLL
2018-03-20 17:31:37,493 [15] INFO  PhotonHostRuntime.PhotonDomainManager - RequestStop: ApplicationName = 'Game', DomainId='3' -- calling Application.OnStopRequested()
2018-03-20 17:31:37,500 [18] INFO  PhotonHostRuntime.PhotonDomainManager - Stop: ApplicationName = 'Game', DomainId='3' -- calling Application.TearDown()
2018-03-21 16:42:38,273 [ 1] INFO  PhotonHostRuntime.PhotonDomainManager - RequestStop: ApplicationName = 'DefaultDomain', DomainId='1'
2018-03-21 16:42:42,742 [ 1] INFO  PhotonHostRuntime.PhotonDomainManager - Initialize: ApplicationName = 'DefaultDomain', DomainID = '1'
2018-03-21 16:42:42,760 [ 1] INFO  PhotonHostRuntime.PhotonDomainManager - AppDomains with unhandled exceptions are usually not unloaded and restarted.
2018-03-21 16:42:42,762 [ 1] INFO  PhotonHostRuntime.PhotonDomainManager - Getting license information:
2018-03-21 16:42:43,518 [ 1] INFO  PhotonHostRuntime.PhotonLicensing - LICENSE: No license file was found - starting with Bootstrap License.
2018-03-21 16:42:43,518 [ 1] INFO  PhotonHostRuntime.PhotonLicensing - LICENSE: Expiration: never; floating license: no; max connections: 20; valid IPs: any
2018-03-21 16:42:45,376 [ 1] INFO  PhotonHostRuntime.PhotonDomainManager - CreateAppDomain: name = 'Master' , assemblyName = 'Photon.LoadBalancing'
2018-03-21 16:42:45,380 [ 1] INFO  PhotonHostRuntime.PhotonDomainManager -   ApplicationBase = 'F:\Unity3d\Git\VROperationRoom\PUN Local Server\Photon-OnPremise-Server-SDK_v4-0-29-11263\deploy'
2018-03-21 16:42:45,381 [ 1] INFO  PhotonHostRuntime.PhotonDomainManager -   PrivateBinPath = 'F:\Unity3d\Git\VROperationRoom\PUN Local Server\Photon-OnPremise-Server-SDK_v4-0-29-11263\deploy\LoadBalancing\Master\bin;bin_Win64;Shared;'
2018-03-21 16:42:45,382 [ 1] INFO  PhotonHostRuntime.PhotonDomainManager -   ConfigurationFile = 'F:\Unity3d\Git\VROperationRoom\PUN Local Server\Photon-OnPremise-Server-SDK_v4-0-29-11263\deploy\LoadBalancing\Master\bin\Photon.LoadBalancing.dll.config'
2018-03-21 16:42:45,383 [ 1] INFO  PhotonHostRuntime.PhotonDomainManager -   CachePath = 'F:\Unity3d\Git\VROperationRoom\PUN Local Server\Photon-OnPremise-Server-SDK_v4-0-29-11263\deploy\LoadBalancing\Master\bin\Cache'
2018-03-21 16:42:45,593 [ 1] INFO  PhotonHostRuntime.PhotonDomainManager -   ApplicationPath = 'F:\Unity3d\Git\VROperationRoom\PUN Local Server\Photon-OnPremise-Server-SDK_v4-0-29-11263\deploy\LoadBalancing\Master'
2018-03-21 16:42:45,593 [ 1] INFO  PhotonHostRuntime.PhotonDomainManager -   BinaryPath = 'F:\Unity3d\Git\VROperationRoom\PUN Local Server\Photon-OnPremise-Server-SDK_v4-0-29-11263\deploy\LoadBalancing\Master\bin'
2018-03-21 16:42:45,594 [ 1] INFO  PhotonHostRuntime.PhotonDomainManager -   ApplicationRootPath = 'F:\Unity3d\Git\VROperationRoom\PUN Local Server\Photon-OnPremise-Server-SDK_v4-0-29-11263\deploy'
2018-03-21 16:42:45,594 [ 1] INFO  PhotonHostRuntime.PhotonDomainManager -   UnmanagedLogPath = 'F:\Unity3d\Git\VROperationRoom\PUN Local Server\Photon-OnPremise-Server-SDK_v4-0-29-11263\deploy\bin_Win64\log'
2018-03-21 16:42:45,653 [ 1] INFO  PhotonHostRuntime.PhotonDomainManager - AssemblyLoadEvent: Photon.LoadBalancing, Version=4.0.28.11221, Culture=neutral, PublicKeyToken=null from file:///F:/Unity3d/Git/VROperationRoom/PUN Local Server/Photon-OnPremise-Server-SDK_v4-0-29-11263/deploy/LoadBalancing/Master/bin/Photon.LoadBalancing.DLL
2018-03-21 16:42:45,656 [ 1] INFO  PhotonHostRuntime.PhotonDomainManager - Photon SDK:4.0.28.11245
2018-03-21 16:42:45,708 [ 1] INFO  PhotonHostRuntime.PhotonDomainManager - AssemblyLoadEvent: Photon.SocketServer, Version=4.0.28.11245, Culture=neutral, PublicKeyToken=48c2fa3b6988090e from file:///F:/Unity3d/Git/VROperationRoom/PUN Local Server/Photon-OnPremise-Server-SDK_v4-0-29-11263/deploy/LoadBalancing/Master/bin/Photon.SocketServer.DLL
2018-03-21 16:42:45,736 [ 1] INFO  PhotonHostRuntime.PhotonDomainManager - AssemblyLoadEvent: ExitGamesLibs, Version=1.0.4.0, Culture=neutral, PublicKeyToken=eac0edd9746a4aa0 from file:///F:/Unity3d/Git/VROperationRoom/PUN Local Server/Photon-OnPremise-Server-SDK_v4-0-29-11263/deploy/LoadBalancing/Master/bin/ExitGamesLibs.DLL
2018-03-21 16:42:45,763 [ 1] INFO  PhotonHostRuntime.PhotonDomainManager - Starting: name = 'Master', assemblyName = 'Photon.LoadBalancing', typeName = 'Photon.LoadBalancing.MasterServer.MasterApplication'
2018-03-21 16:42:45,764 [ 1] INFO  PhotonHostRuntime.PhotonDomainManager - CreateAppDomain: name = 'Game' , assemblyName = 'Photon.LoadBalancing'
2018-03-21 16:42:45,765 [ 1] INFO  PhotonHostRuntime.PhotonDomainManager -   ApplicationBase = 'F:\Unity3d\Git\VROperationRoom\PUN Local Server\Photon-OnPremise-Server-SDK_v4-0-29-11263\deploy'
2018-03-21 16:42:45,765 [ 1] INFO  PhotonHostRuntime.PhotonDomainManager -   PrivateBinPath = 'F:\Unity3d\Git\VROperationRoom\PUN Local Server\Photon-OnPremise-Server-SDK_v4-0-29-11263\deploy\LoadBalancing\GameServer\bin;bin_Win64;Shared;'
2018-03-21 16:42:45,766 [ 1] INFO  PhotonHostRuntime.PhotonDomainManager -   ConfigurationFile = 'F:\Unity3d\Git\VROperationRoom\PUN Local Server\Photon-OnPremise-Server-SDK_v4-0-29-11263\deploy\LoadBalancing\GameServer\bin\Photon.LoadBalancing.dll.config'
2018-03-21 16:42:45,766 [ 1] INFO  PhotonHostRuntime.PhotonDomainManager -   CachePath = 'F:\Unity3d\Git\VROperationRoom\PUN Local Server\Photon-OnPremise-Server-SDK_v4-0-29-11263\deploy\LoadBalancing\GameServer\bin\Cache'
2018-03-21 16:42:45,978 [ 1] INFO  PhotonHostRuntime.PhotonDomainManager -   ApplicationPath = 'F:\Unity3d\Git\VROperationRoom\PUN Local Server\Photon-OnPremise-Server-SDK_v4-0-29-11263\deploy\LoadBalancing\GameServer'
2018-03-21 16:42:45,978 [ 1] INFO  PhotonHostRuntime.PhotonDomainManager -   BinaryPath = 'F:\Unity3d\Git\VROperationRoom\PUN Local Server\Photon-OnPremise-Server-SDK_v4-0-29-11263\deploy\LoadBalancing\GameServer\bin'
2018-03-21 16:42:45,978 [ 1] INFO  PhotonHostRuntime.PhotonDomainManager -   ApplicationRootPath = 'F:\Unity3d\Git\VROperationRoom\PUN Local Server\Photon-OnPremise-Server-SDK_v4-0-29-11263\deploy'
2018-03-21 16:42:45,979 [ 1] INFO  PhotonHostRuntime.PhotonDomainManager -   UnmanagedLogPath = 'F:\Unity3d\Git\VROperationRoom\PUN Local Server\Photon-OnPremise-Server-SDK_v4-0-29-11263\deploy\bin_Win64\log'
2018-03-21 16:42:46,011 [ 1] INFO  PhotonHostRuntime.PhotonDomainManager - AssemblyLoadEvent: Photon.LoadBalancing, Version=4.0.28.11221, Culture=neutral, PublicKeyToken=null from file:///F:/Unity3d/Git/VROperationRoom/PUN Local Server/Photon-OnPremise-Server-SDK_v4-0-29-11263/deploy/LoadBalancing/GameServer/bin/Photon.LoadBalancing.DLL
2018-03-21 16:42:46,012 [ 1] INFO  PhotonHostRuntime.PhotonDomainManager - Photon SDK:4.0.28.11245
2018-03-21 16:42:46,041 [ 1] INFO  PhotonHostRuntime.PhotonDomainManager - AssemblyLoadEvent: Photon.SocketServer, Version=4.0.28.11245, Culture=neutral, PublicKeyToken=48c2fa3b6988090e from file:///F:/Unity3d/Git/VROperationRoom/PUN Local Server/Photon-OnPremise-Server-SDK_v4-0-29-11263/deploy/LoadBalancing/GameServer/bin/Photon.SocketServer.DLL
2018-03-21 16:42:46,211 [ 1] INFO  PhotonHostRuntime.PhotonDomainManager - AssemblyLoadEvent: Photon.Common, Version=4.0.28.11221, Culture=neutral, PublicKeyToken=null from file:///F:/Unity3d/Git/VROperationRoom/PUN Local Server/Photon-OnPremise-Server-SDK_v4-0-29-11263/deploy/LoadBalancing/GameServer/bin/Photon.Common.DLL
2018-03-21 16:42:46,254 [ 1] INFO  PhotonHostRuntime.PhotonDomainManager - AssemblyLoadEvent: ExitGamesLibs, Version=1.0.4.0, Culture=neutral, PublicKeyToken=eac0edd9746a4aa0 from file:///F:/Unity3d/Git/VROperationRoom/PUN Local Server/Photon-OnPremise-Server-SDK_v4-0-29-11263/deploy/LoadBalancing/GameServer/bin/ExitGamesLibs.DLL
2018-03-21 16:42:46,267 [ 1] INFO  PhotonHostRuntime.PhotonDomainManager - AssemblyLoadEvent: PhotonHive, Version=4.0.28.11221, Culture=neutral, PublicKeyToken=null from file:///F:/Unity3d/Git/VROperationRoom/PUN Local Server/Photon-OnPremise-Server-SDK_v4-0-29-11263/deploy/LoadBalancing/GameServer/bin/PhotonHive.DLL
2018-03-21 16:42:46,334 [ 1] INFO  PhotonHostRuntime.PhotonDomainManager - Starting: name = 'Game', assemblyName = 'Photon.LoadBalancing', typeName = 'Photon.LoadBalancing.GameServer.GameApplication'
2018-03-21 16:42:46,336 [ 1] INFO  PhotonHostRuntime.PhotonDomainManager - CreateAppDomain: name = 'CounterPublisher' , assemblyName = 'CounterPublisher'
2018-03-21 16:42:46,336 [ 1] INFO  PhotonHostRuntime.PhotonDomainManager -   ApplicationBase = 'F:\Unity3d\Git\VROperationRoom\PUN Local Server\Photon-OnPremise-Server-SDK_v4-0-29-11263\deploy'
2018-03-21 16:42:46,337 [ 1] INFO  PhotonHostRuntime.PhotonDomainManager -   PrivateBinPath = 'F:\Unity3d\Git\VROperationRoom\PUN Local Server\Photon-OnPremise-Server-SDK_v4-0-29-11263\deploy\CounterPublisher\bin;bin_Win64;Shared;'
2018-03-21 16:42:46,337 [ 1] INFO  PhotonHostRuntime.PhotonDomainManager -   ConfigurationFile = 'F:\Unity3d\Git\VROperationRoom\PUN Local Server\Photon-OnPremise-Server-SDK_v4-0-29-11263\deploy\CounterPublisher\bin\CounterPublisher.dll.config'
2018-03-21 16:42:46,338 [ 1] INFO  PhotonHostRuntime.PhotonDomainManager -   CachePath = 'F:\Unity3d\Git\VROperationRoom\PUN Local Server\Photon-OnPremise-Server-SDK_v4-0-29-11263\deploy\CounterPublisher\bin\Cache'
2018-03-21 16:42:46,558 [ 1] INFO  PhotonHostRuntime.PhotonDomainManager -   ApplicationPath = 'F:\Unity3d\Git\VROperationRoom\PUN Local Server\Photon-OnPremise-Server-SDK_v4-0-29-11263\deploy\CounterPublisher'
2018-03-21 16:42:46,559 [ 1] INFO  PhotonHostRuntime.PhotonDomainManager -   BinaryPath = 'F:\Unity3d\Git\VROperationRoom\PUN Local Server\Photon-OnPremise-Server-SDK_v4-0-29-11263\deploy\CounterPublisher\bin'
2018-03-21 16:42:46,559 [ 1] INFO  PhotonHostRuntime.PhotonDomainManager -   ApplicationRootPath = 'F:\Unity3d\Git\VROperationRoom\PUN Local Server\Photon-OnPremise-Server-SDK_v4-0-29-11263\deploy'
2018-03-21 16:42:46,560 [ 1] INFO  PhotonHostRuntime.PhotonDomainManager -   UnmanagedLogPath = 'F:\Unity3d\Git\VROperationRoom\PUN Local Server\Photon-OnPremise-Server-SDK_v4-0-29-11263\deploy\bin_Win64\log'
2018-03-21 16:42:46,610 [ 1] INFO  PhotonHostRuntime.PhotonDomainManager - AssemblyLoadEvent: CounterPublisher, Version=4.0.28.11221, Culture=neutral, PublicKeyToken=null from file:///F:/Unity3d/Git/VROperationRoom/PUN Local Server/Photon-OnPremise-Server-SDK_v4-0-29-11263/deploy/CounterPublisher/bin/CounterPublisher.DLL
2018-03-21 16:42:46,611 [ 1] INFO  PhotonHostRuntime.PhotonDomainManager - Photon SDK:4.0.28.11245
2018-03-21 16:42:46,639 [ 1] INFO  PhotonHostRuntime.PhotonDomainManager - AssemblyLoadEvent: Photon.SocketServer, Version=4.0.28.11245, Culture=neutral, PublicKeyToken=48c2fa3b6988090e from file:///F:/Unity3d/Git/VROperationRoom/PUN Local Server/Photon-OnPremise-Server-SDK_v4-0-29-11263/deploy/CounterPublisher/bin/Photon.SocketServer.DLL
2018-03-21 16:42:46,649 [ 1] INFO  PhotonHostRuntime.PhotonDomainManager - AssemblyLoadEvent: ExitGamesLibs, Version=1.0.4.0, Culture=neutral, PublicKeyToken=eac0edd9746a4aa0 from file:///F:/Unity3d/Git/VROperationRoom/PUN Local Server/Photon-OnPremise-Server-SDK_v4-0-29-11263/deploy/CounterPublisher/bin/ExitGamesLibs.DLL
2018-03-21 16:42:46,653 [ 1] INFO  PhotonHostRuntime.PhotonDomainManager - Starting: name = 'CounterPublisher', assemblyName = 'CounterPublisher', typeName = 'Photon.CounterPublisher.Application'
2018-03-21 16:42:46,699 [ 1] INFO  PhotonHostRuntime.PhotonDomainManager - PhotonRunning: ApplicationName = 'CounterPublisher', DomainId='4' -- calling Application.Setup
2018-03-21 16:42:46,789 [ 1] INFO  PhotonHostRuntime.PhotonDomainManager - AssemblyLoadEvent: ExitGames.Logging.Log4Net, Version=1.0.4.0, Culture=neutral, PublicKeyToken=eac0edd9746a4aa0 from file:///F:/Unity3d/Git/VROperationRoom/PUN Local Server/Photon-OnPremise-Server-SDK_v4-0-29-11263/deploy/CounterPublisher/bin/ExitGames.Logging.Log4Net.DLL
2018-03-21 16:42:53,006 [ 1] INFO  PhotonHostRuntime.PhotonDomainManager - PhotonRunning: ApplicationName = 'Game', DomainId='3' -- calling Application.Setup
2018-03-21 16:42:53,077 [ 1] INFO  PhotonHostRuntime.PhotonDomainManager - AssemblyLoadEvent: ExitGames.Logging.Log4Net, Version=1.0.4.0, Culture=neutral, PublicKeyToken=eac0edd9746a4aa0 from file:///F:/Unity3d/Git/VROperationRoom/PUN Local Server/Photon-OnPremise-Server-SDK_v4-0-29-11263/deploy/LoadBalancing/GameServer/bin/ExitGames.Logging.Log4Net.DLL
2018-03-21 16:42:55,887 [ 1] INFO  PhotonHostRuntime.PhotonDomainManager - AssemblyLoadEvent: PhotonHivePlugin, Version=1.0.15.11060, Culture=neutral, PublicKeyToken=null from file:///F:/Unity3d/Git/VROperationRoom/PUN Local Server/Photon-OnPremise-Server-SDK_v4-0-29-11263/deploy/LoadBalancing/GameServer/bin/PhotonHivePlugin.DLL
2018-03-21 16:42:55,924 [ 1] INFO  PhotonHostRuntime.PhotonDomainManager - PhotonRunning: ApplicationName = 'Master', DomainId='2' -- calling Application.Setup
2018-03-21 16:42:55,980 [ 1] INFO  PhotonHostRuntime.PhotonDomainManager - AssemblyLoadEvent: Photon.Common, Version=4.0.28.11221, Culture=neutral, PublicKeyToken=null from file:///F:/Unity3d/Git/VROperationRoom/PUN Local Server/Photon-OnPremise-Server-SDK_v4-0-29-11263/deploy/LoadBalancing/Master/bin/Photon.Common.DLL
2018-03-21 16:42:56,020 [ 1] INFO  PhotonHostRuntime.PhotonDomainManager - AssemblyLoadEvent: ExitGames.Logging.Log4Net, Version=1.0.4.0, Culture=neutral, PublicKeyToken=eac0edd9746a4aa0 from file:///F:/Unity3d/Git/VROperationRoom/PUN Local Server/Photon-OnPremise-Server-SDK_v4-0-29-11263/deploy/LoadBalancing/Master/bin/ExitGames.Logging.Log4Net.DLL
2018-03-21 16:42:56,773 [ 1] INFO  PhotonHostRuntime.PhotonDomainManager - AssemblyLoadEvent: PhotonHive, Version=4.0.28.11221, Culture=neutral, PublicKeyToken=null from file:///F:/Unity3d/Git/VROperationRoom/PUN Local Server/Photon-OnPremise-Server-SDK_v4-0-29-11263/deploy/LoadBalancing/Master/bin/PhotonHive.DLL
2018-03-21 16:42:56,814 [ 1] INFO  PhotonHostRuntime.PhotonDomainManager - AssemblyLoadEvent: ServiceStack.Redis, Version=3.9.71.0, Culture=neutral, PublicKeyToken=null from file:///F:/Unity3d/Git/VROperationRoom/PUN Local Server/Photon-OnPremise-Server-SDK_v4-0-29-11263/deploy/LoadBalancing/Master/bin/ServiceStack.Redis.DLL
2018-03-21 16:42:56,835 [ 1] INFO  PhotonHostRuntime.PhotonDomainManager - AssemblyLoadEvent: ServiceStack.Interfaces, Version=1.0.0.0, Culture=neutral, PublicKeyToken=null from file:///F:/Unity3d/Git/VROperationRoom/PUN Local Server/Photon-OnPremise-Server-SDK_v4-0-29-11263/deploy/LoadBalancing/Master/bin/ServiceStack.Interfaces.DLL
2018-03-21 16:42:56,853 [ 1] INFO  PhotonHostRuntime.PhotonDomainManager - AssemblyLoadEvent: System.Web, Version=4.0.0.0, Culture=neutral, PublicKeyToken=b03f5f7f11d50a3a from file:///C:/WINDOWS/Microsoft.Net/assembly/GAC_64/System.Web/v4.0_4.0.0.0__b03f5f7f11d50a3a/System.Web.dll
2018-03-21 16:42:56,905 [ 1] INFO  PhotonHostRuntime.PhotonDomainManager - PhotonRunning: ApplicationName = 'DefaultDomain', DomainId='1'
2018-03-21 16:42:56,964 [12] INFO  PhotonHostRuntime.PhotonDomainManager - AssemblyLoadEvent: PhotonHivePlugin, Version=1.0.15.11060, Culture=neutral, PublicKeyToken=null from file:///F:/Unity3d/Git/VROperationRoom/PUN Local Server/Photon-OnPremise-Server-SDK_v4-0-29-11263/deploy/LoadBalancing/Master/bin/PhotonHivePlugin.DLL
2018-03-21 17:02:09,513 [ 8] INFO  PhotonHostRuntime.PhotonDomainManager - CreateAppDomain: name = 'Game' , assemblyName = 'Photon.LoadBalancing'
2018-03-21 17:02:09,516 [ 8] INFO  PhotonHostRuntime.PhotonDomainManager -   ApplicationBase = 'F:\Unity3d\Git\VROperationRoom\PUN Local Server\Photon-OnPremise-Server-SDK_v4-0-29-11263\deploy'
2018-03-21 17:02:09,517 [ 8] INFO  PhotonHostRuntime.PhotonDomainManager -   PrivateBinPath = 'F:\Unity3d\Git\VROperationRoom\PUN Local Server\Photon-OnPremise-Server-SDK_v4-0-29-11263\deploy\LoadBalancing\GameServer\bin;bin_Win64;Shared;'
2018-03-21 17:02:09,519 [ 8] INFO  PhotonHostRuntime.PhotonDomainManager -   ConfigurationFile = 'F:\Unity3d\Git\VROperationRoom\PUN Local Server\Photon-OnPremise-Server-SDK_v4-0-29-11263\deploy\LoadBalancing\GameServer\bin\Photon.LoadBalancing.dll.config'
2018-03-21 17:02:09,520 [ 8] INFO  PhotonHostRuntime.PhotonDomainManager -   CachePath = 'F:\Unity3d\Git\VROperationRoom\PUN Local Server\Photon-OnPremise-Server-SDK_v4-0-29-11263\deploy\LoadBalancing\GameServer\bin\Cache'
2018-03-21 17:02:09,648 [ 8] INFO  PhotonHostRuntime.PhotonDomainManager -   ApplicationPath = 'F:\Unity3d\Git\VROperationRoom\PUN Local Server\Photon-OnPremise-Server-SDK_v4-0-29-11263\deploy\LoadBalancing\GameServer'
2018-03-21 17:02:09,649 [ 8] INFO  PhotonHostRuntime.PhotonDomainManager -   BinaryPath = 'F:\Unity3d\Git\VROperationRoom\PUN Local Server\Photon-OnPremise-Server-SDK_v4-0-29-11263\deploy\LoadBalancing\GameServer\bin'
2018-03-21 17:02:09,649 [ 8] INFO  PhotonHostRuntime.PhotonDomainManager -   ApplicationRootPath = 'F:\Unity3d\Git\VROperationRoom\PUN Local Server\Photon-OnPremise-Server-SDK_v4-0-29-11263\deploy'
2018-03-21 17:02:09,650 [ 8] INFO  PhotonHostRuntime.PhotonDomainManager -   UnmanagedLogPath = 'F:\Unity3d\Git\VROperationRoom\PUN Local Server\Photon-OnPremise-Server-SDK_v4-0-29-11263\deploy\bin_Win64\log'
2018-03-21 17:02:09,662 [ 8] INFO  PhotonHostRuntime.PhotonDomainManager - AssemblyLoadEvent: Photon.LoadBalancing, Version=4.0.28.11221, Culture=neutral, PublicKeyToken=null from file:///F:/Unity3d/Git/VROperationRoom/PUN Local Server/Photon-OnPremise-Server-SDK_v4-0-29-11263/deploy/LoadBalancing/GameServer/bin/Photon.LoadBalancing.DLL
2018-03-21 17:02:09,663 [ 8] INFO  PhotonHostRuntime.PhotonDomainManager - Photon SDK:4.0.28.11245
2018-03-21 17:02:09,675 [ 8] INFO  PhotonHostRuntime.PhotonDomainManager - AssemblyLoadEvent: Photon.SocketServer, Version=4.0.28.11245, Culture=neutral, PublicKeyToken=48c2fa3b6988090e from file:///F:/Unity3d/Git/VROperationRoom/PUN Local Server/Photon-OnPremise-Server-SDK_v4-0-29-11263/deploy/LoadBalancing/GameServer/bin/Photon.SocketServer.DLL
2018-03-21 17:02:09,684 [ 8] INFO  PhotonHostRuntime.PhotonDomainManager - AssemblyLoadEvent: Photon.Common, Version=4.0.28.11221, Culture=neutral, PublicKeyToken=null from file:///F:/Unity3d/Git/VROperationRoom/PUN Local Server/Photon-OnPremise-Server-SDK_v4-0-29-11263/deploy/LoadBalancing/GameServer/bin/Photon.Common.DLL
2018-03-21 17:02:09,693 [ 8] INFO  PhotonHostRuntime.PhotonDomainManager - AssemblyLoadEvent: ExitGamesLibs, Version=1.0.4.0, Culture=neutral, PublicKeyToken=eac0edd9746a4aa0 from file:///F:/Unity3d/Git/VROperationRoom/PUN Local Server/Photon-OnPremise-Server-SDK_v4-0-29-11263/deploy/LoadBalancing/GameServer/bin/ExitGamesLibs.DLL
2018-03-21 17:02:09,704 [ 8] INFO  PhotonHostRuntime.PhotonDomainManager - AssemblyLoadEvent: PhotonHive, Version=4.0.28.11221, Culture=neutral, PublicKeyToken=null from file:///F:/Unity3d/Git/VROperationRoom/PUN Local Server/Photon-OnPremise-Server-SDK_v4-0-29-11263/deploy/LoadBalancing/GameServer/bin/PhotonHive.DLL
2018-03-21 17:02:09,737 [ 8] INFO  PhotonHostRuntime.PhotonDomainManager - Starting: name = 'Game', assemblyName = 'Photon.LoadBalancing', typeName = 'Photon.LoadBalancing.GameServer.GameApplication'
2018-03-21 17:02:09,739 [ 8] INFO  PhotonHostRuntime.PhotonDomainManager - PhotonRunning: ApplicationName = 'Game', DomainId='5' -- calling Application.Setup
2018-03-21 17:02:09,753 [ 8] INFO  PhotonHostRuntime.PhotonDomainManager - AssemblyLoadEvent: ExitGames.Logging.Log4Net, Version=1.0.4.0, Culture=neutral, PublicKeyToken=eac0edd9746a4aa0 from file:///F:/Unity3d/Git/VROperationRoom/PUN Local Server/Photon-OnPremise-Server-SDK_v4-0-29-11263/deploy/LoadBalancing/GameServer/bin/ExitGames.Logging.Log4Net.DLL
2018-03-21 17:02:14,277 [ 8] INFO  PhotonHostRuntime.PhotonDomainManager - AssemblyLoadEvent: PhotonHivePlugin, Version=1.0.15.11060, Culture=neutral, PublicKeyToken=null from file:///F:/Unity3d/Git/VROperationRoom/PUN Local Server/Photon-OnPremise-Server-SDK_v4-0-29-11263/deploy/LoadBalancing/GameServer/bin/PhotonHivePlugin.DLL
2018-03-21 17:02:14,362 [ 8] INFO  PhotonHostRuntime.PhotonDomainManager - RequestStop: ApplicationName = 'Game', DomainId='3' -- calling Application.OnStopRequested()
2018-03-21 17:02:14,372 [13] INFO  PhotonHostRuntime.PhotonDomainManager - Stop: ApplicationName = 'Game', DomainId='3' -- calling Application.TearDown()
